This is pdfTeX, Version 3.141592653-2.6-1.40.24 (TeX Live 2022) (preloaded format=pdflatex 2023.3.12)  1 JAN 2024 20:40
entering extended mode
 restricted \write18 enabled.
 file:line:error style messages enabled.
 %&-line parsing enabled.
**"d:/ALL/20-Share/MathModeling/Knowledge Base/LaTeX/Note.tex"
(d:/ALL/20-Share/MathModeling/Knowledge Base/LaTeX/Note.tex
LaTeX2e <2021-11-15> patch level 1
L3 programming layer <2022-02-24> (d:/texlive2/2022/texmf-dist/tex/latex/base/article.cls
Document Class: article 2021/10/04 v1.4n Standard LaTeX document class
(d:/texlive2/2022/texmf-dist/tex/latex/base/size12.clo
File: size12.clo 2021/10/04 v1.4n Standard LaTeX file (size option)
)
\c@part=\count185
\c@section=\count186
\c@subsection=\count187
\c@subsubsection=\count188
\c@paragraph=\count189
\c@subparagraph=\count190
\c@figure=\count191
\c@table=\count192
\abovecaptionskip=\skip47
\belowcaptionskip=\skip48
\bibindent=\dimen138
) (d:/texlive2/2022/texmf-dist/tex/latex/fontspec/fontspec.sty (d:/texlive2/2022/texmf-dist/tex/latex/l3packages/xparse/xparse.sty (d:/texlive2/2022/texmf-dist/tex/latex/l3kernel/expl3.sty
Package: expl3 2022-02-24 L3 programming layer (loader) 
 (d:/texlive2/2022/texmf-dist/tex/latex/l3backend/l3backend-pdftex.def
File: l3backend-pdftex.def 2022-02-07 L3 backend support: PDF output (pdfTeX)
\l__color_backend_stack_int=\count193
\l__pdf_internal_box=\box50
))
Package: xparse 2022-01-12 L3 Experimental document command parser
)
Package: fontspec 2022/01/15 v2.8a Font selection for XeLaTeX and LuaLaTeX


d:/texlive2/2022/texmf-dist/tex/latex/fontspec/fontspec.sty:45: Fatal Package fontspec Error: The fontspec package requires either XeTeX or
(fontspec)                      LuaTeX.
(fontspec)                      
(fontspec)                      You must change your typesetting engine to,
(fontspec)                      e.g., "xelatex" or "lualatex" instead of
(fontspec)                      "latex" or "pdflatex".

Type <return> to continue.
 ...                                              
                                                  
l.45 \msg_fatal:nn {fontspec} {cannot-use-pdftex}
                                                 

LaTeX does not know anything more about this error, sorry.

Try typing <return> to proceed.
If that doesn't work, type X <return> to quit.

This is a fatal error: LaTeX will abort.



d:/texlive2/2022/texmf-dist/tex/latex/fontspec/fontspec.sty:45: Emergency stop.
<read *> 
         
l.45 \msg_fatal:nn {fontspec} {cannot-use-pdftex}
                                                 
*** (cannot \read from terminal in nonstop modes)

 
Here is how much of TeX's memory you used:
 481 strings out of 478268
 9911 string characters out of 5849846
 299423 words of memory out of 5000000
 18765 multiletter control sequences out of 15000+600000
 469557 words of font info for 29 fonts, out of 8000000 for 9000
 1141 hyphenation exceptions out of 8191
 68i,0n,77p,370b,44s stack positions out of 10000i,1000n,20000p,200000b,200000s
d:/texlive2/2022/texmf-dist/tex/latex/fontspec/fontspec.sty:45:  ==> Fatal error occurred, no output PDF file produced!
